<?xml version="1.0" encoding="UTF-8"?>
<!-- Generated by org.testng.reporters.JUnitXMLReporter -->
<testsuite hostname="LapWinX-DAC51" name="Default test" tests="7" failures="0" timestamp="28 Feb 2020 19:36:57 GMT" time="0.072" errors="0">
  <testcase name="Login" time="0.016" classname="sampleng.sampleng"/>
  <testcase name="search" time="0.009" classname="sampleng.sampleng"/>
  <testcase name="t" time="0.006" classname="sampleng.sampleng"/>
  <testcase name="Logout" time="0.002" classname="sampleng.sampleng"/>
  <testcase name="Logout1" time="0.001" classname="sampleng.sampleng"/>
  <testcase name="Logout125" time="0.004" classname="sampleng.sampleng"/>
  <testcase name="Logout12" time="0.001" classname="sampleng.sampleng"/>
</testsuite> <!-- Default test -->
