<?xml version="1.0" encoding="UTF-8"?>
<testng-results skipped="0" failed="1" total="2" passed="1">
  <reporter-output>
  </reporter-output>
  <suite name="Default suite" duration-ms="32342" started-at="2020-03-06T18:31:53Z" finished-at="2020-03-06T18:32:25Z">
    <groups>
    </groups>
    <test name="Default test" duration-ms="32342" started-at="2020-03-06T18:31:53Z" finished-at="2020-03-06T18:32:25Z">
      <class name="JMJextentReport.jmj">
        <test-method status="PASS" signature="extentReportSetup()[pri:0, instance:JMJextentReport.jmj@7823a2f9]" name="extentReportSetup" is-config="true" duration-ms="435" started-at="2020-03-07T00:01:53Z" finished-at="2020-03-07T00:01:53Z">
          <reporter-output>
          </reporter-output>
        </test-method> <!-- extentReportSetup -->
        <test-method status="PASS" signature="setup()[pri:0, instance:JMJextentReport.jmj@7823a2f9]" name="setup" is-config="true" duration-ms="14543" started-at="2020-03-07T00:01:53Z" finished-at="2020-03-07T00:02:08Z">
          <reporter-output>
          </reporter-output>
        </test-method> <!-- setup -->
        <test-method status="FAIL" signature="GoogleLogoValidation()[pri:0, instance:JMJextentReport.jmj@7823a2f9]" name="GoogleLogoValidation" duration-ms="144" started-at="2020-03-07T00:02:08Z" finished-at="2020-03-07T00:02:08Z">
          <exception class="java.lang.AssertionError">
            <message>
              <![CDATA[expected [false] but found [true]]]>
            </message>
            <full-stacktrace>
              <![CDATA[java.lang.AssertionError: expected [false] but found [true]
	at org.testng.Assert.fail(Assert.java:89)
	at org.testng.Assert.failNotEquals(Assert.java:489)
	at org.testng.Assert.assertFalse(Assert.java:58)
	at org.testng.Assert.assertFalse(Assert.java:68)
	at JMJextentReport.jmj.GoogleLogoValidation(jmj.java:76)
	at sun.reflect.NativeMethodAccessorImpl.invoke0(Native Method)
	at sun.reflect.NativeMethodAccessorImpl.invoke(NativeMethodAccessorImpl.java:62)
	at sun.reflect.DelegatingMethodAccessorImpl.invoke(DelegatingMethodAccessorImpl.java:43)
	at java.lang.reflect.Method.invoke(Method.java:498)
	at org.testng.internal.MethodInvocationHelper.invokeMethod(MethodInvocationHelper.java:80)
	at org.testng.internal.Invoker.invokeMethod(Invoker.java:715)
	at org.testng.internal.Invoker.invokeTestMethod(Invoker.java:907)
	at org.testng.internal.Invoker.invokeTestMethods(Invoker.java:1237)
	at org.testng.internal.TestMethodWorker.invokeTestMethods(TestMethodWorker.java:127)
	at org.testng.internal.TestMethodWorker.run(TestMethodWorker.java:111)
	at org.testng.TestRunner.privateRun(TestRunner.java:767)
	at org.testng.TestRunner.run(TestRunner.java:617)
	at org.testng.SuiteRunner.runTest(SuiteRunner.java:334)
	at org.testng.SuiteRunner.runSequentially(SuiteRunner.java:329)
	at org.testng.SuiteRunner.privateRun(SuiteRunner.java:291)
	at org.testng.SuiteRunner.run(SuiteRunner.java:240)
	at org.testng.SuiteRunnerWorker.runSuite(SuiteRunnerWorker.java:51)
	at org.testng.SuiteRunnerWorker.run(SuiteRunnerWorker.java:85)
	at org.testng.TestNG.runSuitesSequentially(TestNG.java:1197)
	at org.testng.TestNG.runSuitesLocally(TestNG.java:1122)
	at org.testng.TestNG.run(TestNG.java:1030)
	at org.testng.remote.RemoteTestNG.run(RemoteTestNG.java:115)
	at org.testng.remote.RemoteTestNG.initAndRun(RemoteTestNG.java:207)
	at org.testng.remote.RemoteTestNG.main(RemoteTestNG.java:178)
]]>
            </full-stacktrace>
          </exception> <!-- java.lang.AssertionError -->
          <reporter-output>
          </reporter-output>
        </test-method> <!-- GoogleLogoValidation -->
        <test-method status="PASS" signature="getResult(org.testng.ITestResult)[pri:0, instance:JMJextentReport.jmj@7823a2f9]" name="getResult" is-config="true" duration-ms="1289" started-at="2020-03-07T00:02:08Z" finished-at="2020-03-07T00:02:09Z">
          <params>
            <param index="0">
              <value>
                <![CDATA[[TestResult: GoogleLogoValidation STATUS:FAILURE METHOD:jmj.GoogleLogoValidation()[pri:0, instance:JMJextentReport.jmj@7823a2f9]]
]]>
              </value>
            </param>
          </params>
          <reporter-output>
          </reporter-output>
        </test-method> <!-- getResult -->
        <test-method status="PASS" signature="setup()[pri:0, instance:JMJextentReport.jmj@7823a2f9]" name="setup" is-config="true" duration-ms="13963" started-at="2020-03-07T00:02:09Z" finished-at="2020-03-07T00:02:23Z">
          <reporter-output>
          </reporter-output>
        </test-method> <!-- setup -->
        <test-method status="PASS" signature="GoogleTittleValidation()[pri:0, instance:JMJextentReport.jmj@7823a2f9]" name="GoogleTittleValidation" duration-ms="10" started-at="2020-03-07T00:02:23Z" finished-at="2020-03-07T00:02:23Z">
          <reporter-output>
          </reporter-output>
        </test-method> <!-- GoogleTittleValidation -->
        <test-method status="PASS" signature="getResult(org.testng.ITestResult)[pri:0, instance:JMJextentReport.jmj@7823a2f9]" name="getResult" is-config="true" duration-ms="1192" started-at="2020-03-07T00:02:23Z" finished-at="2020-03-07T00:02:24Z">
          <params>
            <param index="0">
              <value>
                <![CDATA[[TestResult: GoogleTittleValidation STATUS:SUCCESS METHOD:jmj.GoogleTittleValidation()[pri:0, instance:JMJextentReport.jmj@7823a2f9]]
]]>
              </value>
            </param>
          </params>
          <reporter-output>
          </reporter-output>
        </test-method> <!-- getResult -->
        <test-method status="PASS" signature="endReport()[pri:0, instance:JMJextentReport.jmj@7823a2f9]" name="endReport" is-config="true" duration-ms="743" started-at="2020-03-07T00:02:24Z" finished-at="2020-03-07T00:02:25Z">
          <reporter-output>
          </reporter-output>
        </test-method> <!-- endReport -->
      </class> <!-- JMJextentReport.jmj -->
    </test> <!-- Default test -->
  </suite> <!-- Default suite -->
</testng-results>
