<?xml version="1.0" encoding="UTF-8"?>
<testng-results skipped="0" failed="0" total="0" passed="0">
  <reporter-output>
  </reporter-output>
  <suite name="Suite" duration-ms="185905" started-at="2020-05-19T13:22:22Z" finished-at="2020-05-19T13:25:27Z">
    <groups>
    </groups>
    <test name="Test1" duration-ms="185884" started-at="2020-05-19T13:22:22Z" finished-at="2020-05-19T13:25:27Z">
      <class name="reusable.Test1">
        <test-method status="PASS" signature="setup()[pri:0, instance:reusable.Test1@39aeed2f]" name="setup" is-config="true" duration-ms="185871" started-at="2020-05-19T18:52:22Z" finished-at="2020-05-19T18:55:27Z">
          <reporter-output>
          </reporter-output>
        </test-method> <!-- setup -->
      </class> <!-- reusable.Test1 -->
    </test> <!-- Test1 -->
    <test name="SomeFeature" duration-ms="0" started-at="2020-05-19T13:25:27Z" finished-at="2020-05-19T13:25:27Z">
    </test> <!-- SomeFeature -->
  </suite> <!-- Suite -->
</testng-results>
