<?xml version="1.0" encoding="UTF-8"?>
<testng-results skipped="0" failed="0" total="1" passed="1">
  <reporter-output>
  </reporter-output>
  <suite name="Suite" duration-ms="18673" started-at="2020-02-29T18:42:14Z" finished-at="2020-02-29T18:42:33Z">
    <groups>
    </groups>
    <test name="Test" duration-ms="18673" started-at="2020-02-29T18:42:14Z" finished-at="2020-02-29T18:42:33Z">
      <class name="jesus.ListenerClassDemo">
        <test-method status="PASS" signature="method()[pri:0, instance:jesus.ListenerClassDemo@9629756]" name="method" duration-ms="18644" started-at="2020-03-01T00:12:14Z" finished-at="2020-03-01T00:12:33Z">
          <reporter-output>
          </reporter-output>
        </test-method> <!-- method -->
      </class> <!-- jesus.ListenerClassDemo -->
    </test> <!-- Test -->
  </suite> <!-- Suite -->
</testng-results>
